[debug] [2023-07-27T08:54:52.459Z] ----------------------------------------------------------------------
[debug] [2023-07-27T08:54:52.462Z] Command:       C:\Program Files\nodejs\node.exe C:\Users\rukkiecodes\AppData\Roaming\npm\node_modules\firebase-tools\lib\bin\firebase.js deploy
[debug] [2023-07-27T08:54:52.463Z] CLI Version:   12.4.2
[debug] [2023-07-27T08:54:52.463Z] Platform:      win32
[debug] [2023-07-27T08:54:52.464Z] Node Version:  v18.14.0
[debug] [2023-07-27T08:54:52.465Z] Time:          Thu Jul 27 2023 09:54:52 GMT+0100 (West Africa Standard Time)
[debug] [2023-07-27T08:54:52.465Z] ----------------------------------------------------------------------
[debug] 
[debug] [2023-07-27T08:54:52.575Z] > command requires scopes: ["email","openid","https://www.googleapis.com/auth/cloudplatformprojects.readonly","https://www.googleapis.com/auth/firebase","https://www.googleapis.com/auth/cloud-platform"]
[debug] [2023-07-27T08:54:52.576Z] > authorizing via signed-in user (wanlainjogroups@gmail.com)
[debug] [2023-07-27T08:54:52.576Z] [iam] checking project wanlainjo-portfolio for permissions ["firebase.projects.get","firebasehosting.sites.update"]
[debug] [2023-07-27T08:54:52.581Z] >>> [apiv2][query] POST https://cloudresourcemanager.googleapis.com/v1/projects/wanlainjo-portfolio:testIamPermissions [none]
[debug] [2023-07-27T08:54:52.581Z] >>> [apiv2][(partial)header] POST https://cloudresourcemanager.googleapis.com/v1/projects/wanlainjo-portfolio:testIamPermissions x-goog-quota-user=projects/wanlainjo-portfolio
[debug] [2023-07-27T08:54:52.582Z] >>> [apiv2][body] POST https://cloudresourcemanager.googleapis.com/v1/projects/wanlainjo-portfolio:testIamPermissions {"permissions":["firebase.projects.get","firebasehosting.sites.update"]}
[debug] [2023-07-27T08:54:53.829Z] <<< [apiv2][status] POST https://cloudresourcemanager.googleapis.com/v1/projects/wanlainjo-portfolio:testIamPermissions 200
[debug] [2023-07-27T08:54:53.830Z] <<< [apiv2][body] POST https://cloudresourcemanager.googleapis.com/v1/projects/wanlainjo-portfolio:testIamPermissions {"permissions":["firebase.projects.get","firebasehosting.sites.update"]}
[debug] [2023-07-27T08:54:53.833Z] >>> [apiv2][query] GET https://firebase.googleapis.com/v1beta1/projects/wanlainjo-portfolio [none]
[debug] [2023-07-27T08:54:54.760Z] <<< [apiv2][status] GET https://firebase.googleapis.com/v1beta1/projects/wanlainjo-portfolio 200
[debug] [2023-07-27T08:54:54.760Z] <<< [apiv2][body] GET https://firebase.googleapis.com/v1beta1/projects/wanlainjo-portfolio {"projectId":"wanlainjo-portfolio","projectNumber":"894815741347","displayName":"wanlainjo-portfolio","name":"projects/wanlainjo-portfolio","resources":{"hostingSite":"wanlainjo-portfolio"},"state":"ACTIVE","etag":"1_a9f747e5-5d93-4584-b5eb-5ca797c14ddd"}
[info] 
[info] === Deploying to 'wanlainjo-portfolio'...
[info] 
[info] i  deploying hosting 
[debug] [2023-07-27T08:54:55.042Z] >>> [apiv2][query] POST https://firebasehosting.googleapis.com/v1beta1/projects/-/sites/wanlainjo-portfolio/versions [none]
[debug] [2023-07-27T08:54:55.042Z] >>> [apiv2][body] POST https://firebasehosting.googleapis.com/v1beta1/projects/-/sites/wanlainjo-portfolio/versions {"status":"CREATED","labels":{"deployment-tool":"cli-firebase"}}
